<?xml version="1.0" encoding="UTF-8"?>
<testsuite name="fpt.selenium.screenplay.features.search.LaunchSeleniumEasy" tests="1" skipped="0" failures="1" errors="0" timestamp="2020-03-25T06:24:45" hostname="LPP00173386B" time="8.353">
  <properties/>
  <testcase name="search_results_should_show_the_search_term_in_the_title" classname="fpt.selenium.screenplay.features.search.LaunchSeleniumEasy" time="8.353">
    <failure message="java.lang.UnsupportedOperationException: The of() method is not supported for By-type Targets" type="java.lang.UnsupportedOperationException">java.lang.UnsupportedOperationException: The of() method is not supported for By-type Targets
	at fpt.selenium.screenplay.tasks.InputValueToSimpleFrom.performAs(InputValueToSimpleFrom.java:15)
	at fpt.selenium.screenplay.features.search.LaunchSeleniumEasy.search_results_should_show_the_search_term_in_the_title(LaunchSeleniumEasy.java:41)
</failure>
  </testcase>
  <system-out><![CDATA[]]></system-out>
  <system-err><![CDATA[SLF4J: Failed to load class "org.slf4j.impl.StaticLoggerBinder".
SLF4J: Defaulting to no-operation (NOP) logger implementation
SLF4J: See http://www.slf4j.org/codes.html#StaticLoggerBinder for further details.
Mar 25, 2020 1:24:46 PM org.openqa.selenium.remote.DesiredCapabilities chrome
INFO: Using `new ChromeOptions()` is preferred to `DesiredCapabilities.chrome()`
Starting ChromeDriver 80.0.3987.106 (f68069574609230cf9b635cd784cfb1bf81bb53a-refs/branch-heads/3987@{#882}) on port 43959
Only local connections are allowed.
Please protect ports used by ChromeDriver and related test frameworks to prevent access by malicious code.
Mar 25, 2020 1:24:49 PM org.openqa.selenium.remote.ProtocolHandshake createSession
INFO: Detected dialect: W3C
[1585117489.959][SEVERE]: Timed out receiving message from renderer: 0.100
[1585117490.064][SEVERE]: Timed out receiving message from renderer: 0.100
[1585117490.165][SEVERE]: Timed out receiving message from renderer: 0.100
[1585117490.266][SEVERE]: Timed out receiving message from renderer: 0.100
[1585117490.368][SEVERE]: Timed out receiving message from renderer: 0.100
[1585117490.469][SEVERE]: Timed out receiving message from renderer: 0.100
[1585117490.571][SEVERE]: Timed out receiving message from renderer: 0.100
[1585117490.679][SEVERE]: Timed out receiving message from renderer: 0.100
[1585117490.789][SEVERE]: Timed out receiving message from renderer: 0.100
[1585117490.918][SEVERE]: Timed out receiving message from renderer: 0.100
[1585117491.022][SEVERE]: Timed out receiving message from renderer: 0.100
[1585117491.123][SEVERE]: Timed out receiving message from renderer: 0.100
[1585117491.224][SEVERE]: Timed out receiving message from renderer: 0.100
[1585117491.359][SEVERE]: Timed out receiving message from renderer: 0.100
[1585117491.472][SEVERE]: Timed out receiving message from renderer: 0.100
[1585117491.574][SEVERE]: Timed out receiving message from renderer: 0.100
[1585117491.674][SEVERE]: Timed out receiving message from renderer: 0.100
[1585117491.776][SEVERE]: Timed out receiving message from renderer: 0.100
[1585117491.877][SEVERE]: Timed out receiving message from renderer: 0.100
[1585117491.981][SEVERE]: Timed out receiving message from renderer: 0.100
[1585117492.082][SEVERE]: Timed out receiving message from renderer: 0.100
[1585117492.183][SEVERE]: Timed out receiving message from renderer: 0.100
]]></system-err>
</testsuite>
